{"/Users/mchenryz/personal/watermelon/src/index.tsx": {"path":"/Users/mchenryz/personal/watermelon/src/index.tsx","statementMap":{"0":{"start":{"line":1,"column":0},"end":{"line":1,"column":-1}},"1":{"start":{"line":2,"column":0},"end":{"line":2,"column":-1}},"2":{"start":{"line":3,"column":0},"end":{"line":3,"column":-1}},"3":{"start":{"line":4,"column":0},"end":{"line":4,"column":-1}},"4":{"start":{"line":5,"column":0},"end":{"line":null,"column":-1}},"5":{"start":{"line":6,"column":0},"end":{"line":6,"column":-1}},"6":{"start":{"line":7,"column":0},"end":{"line":7,"column":-1}},"7":{"start":{"line":9,"column":14},"end":{"line":9,"column":0}},"8":{"start":{"line":11,"column":0},"end":{"line":null,"column":-1}},"9":{"start":{"line":17,"column":0},"end":{"line":null,"column":-1}}},"fnMap":{},"branchMap":{},"s":{"0":0,"1":0,"2":0,"3":0,"4":0,"5":0,"6":0,"7":0,"8":0,"9":0},"f":{},"b":{}}
,"/Users/mchenryz/personal/watermelon/src/registerServiceWorker.ts": {"path":"/Users/mchenryz/personal/watermelon/src/registerServiceWorker.ts","statementMap":{"0":{"start":{"line":12,"column":20},"end":{"line":12,"column":0}},"1":{"start":{"line":23,"column":2},"end":{"line":56,"column":3}},"2":{"start":{"line":25,"column":22},"end":{"line":25,"column":4}},"3":{"start":{"line":29,"column":4},"end":{"line":34,"column":5}},"4":{"start":{"line":33,"column":6},"end":{"line":null,"column":-1}},"5":{"start":{"line":36,"column":4},"end":{"line":null,"column":-1}},"6":{"start":{"line":37,"column":23},"end":{"line":37,"column":6}},"7":{"start":{"line":39,"column":6},"end":{"line":54,"column":7}},"8":{"start":{"line":41,"column":8},"end":{"line":null,"column":-1}},"9":{"start":{"line":45,"column":8},"end":{"line":null,"column":-1}},"10":{"start":{"line":46,"column":10},"end":{"line":null,"column":-1}},"11":{"start":{"line":53,"column":8},"end":{"line":null,"column":-1}},"12":{"start":{"line":22,"column":0},"end":{"line":null,"column":-1}},"13":{"start":{"line":60,"column":2},"end":{"line":null,"column":-1}},"14":{"start":{"line":63,"column":6},"end":{"line":null,"column":-1}},"15":{"start":{"line":64,"column":33},"end":{"line":64,"column":8}},"16":{"start":{"line":65,"column":8},"end":{"line":82,"column":9}},"17":{"start":{"line":66,"column":10},"end":{"line":null,"column":-1}},"18":{"start":{"line":67,"column":12},"end":{"line":80,"column":13}},"19":{"start":{"line":68,"column":14},"end":{"line":79,"column":15}},"20":{"start":{"line":73,"column":16},"end":{"line":null,"column":-1}},"21":{"start":{"line":78,"column":16},"end":{"line":null,"column":-1}},"22":{"start":{"line":86,"column":6},"end":{"line":null,"column":-1}},"23":{"start":{"line":92,"column":2},"end":{"line":null,"column":-1}},"24":{"start":{"line":95,"column":6},"end":{"line":108,"column":7}},"25":{"start":{"line":100,"column":8},"end":{"line":null,"column":-1}},"26":{"start":{"line":101,"column":10},"end":{"line":null,"column":-1}},"27":{"start":{"line":102,"column":12},"end":{"line":null,"column":-1}},"28":{"start":{"line":107,"column":8},"end":{"line":null,"column":-1}},"29":{"start":{"line":111,"column":6},"end":{"line":null,"column":-1}},"30":{"start":{"line":118,"column":2},"end":{"line":122,"column":3}},"31":{"start":{"line":119,"column":4},"end":{"line":null,"column":-1}},"32":{"start":{"line":120,"column":6},"end":{"line":null,"column":-1}},"33":{"start":{"line":117,"column":0},"end":{"line":null,"column":-1}}},"fnMap":{"0":{"name":"register","decl":{"start":{"line":22,"column":0},"end":{"line":22,"column":-1}},"loc":{"start":{"line":22,"column":0},"end":{"line":57,"column":1}}},"1":{"name":"(anonymous_1)","decl":{"start":{"line":36,"column":36},"end":{"line":36,"column":35}},"loc":{"start":{"line":36,"column":36},"end":{"line":36,"column":4}}},"2":{"name":"(anonymous_2)","decl":{"start":{"line":45,"column":43},"end":{"line":45,"column":42}},"loc":{"start":{"line":45,"column":43},"end":{"line":45,"column":8}}},"3":{"name":"registerValidSW","decl":{"start":{"line":59,"column":0},"end":{"line":59,"column":-1}},"loc":{"start":{"line":59,"column":38},"end":{"line":88,"column":1}}},"4":{"name":"(anonymous_4)","decl":{"start":{"line":62,"column":10},"end":{"line":62,"column":9}},"loc":{"start":{"line":62,"column":22},"end":{"line":60,"column":2}}},"5":{"name":"(anonymous_5)","decl":{"start":{"line":63,"column":35},"end":{"line":63,"column":34}},"loc":{"start":{"line":63,"column":35},"end":{"line":63,"column":6}}},"6":{"name":"(anonymous_6)","decl":{"start":{"line":66,"column":43},"end":{"line":66,"column":42}},"loc":{"start":{"line":66,"column":43},"end":{"line":66,"column":10}}},"7":{"name":"(anonymous_7)","decl":{"start":{"line":85,"column":11},"end":{"line":85,"column":10}},"loc":{"start":{"line":85,"column":16},"end":{"line":60,"column":2}}},"8":{"name":"checkValidServiceWorker","decl":{"start":{"line":90,"column":0},"end":{"line":90,"column":-1}},"loc":{"start":{"line":90,"column":46},"end":{"line":115,"column":1}}},"9":{"name":"(anonymous_9)","decl":{"start":{"line":93,"column":10},"end":{"line":93,"column":9}},"loc":{"start":{"line":93,"column":18},"end":{"line":92,"column":2}}},"10":{"name":"(anonymous_10)","decl":{"start":{"line":100,"column":43},"end":{"line":100,"column":42}},"loc":{"start":{"line":100,"column":55},"end":{"line":100,"column":8}}},"11":{"name":"(anonymous_11)","decl":{"start":{"line":101,"column":41},"end":{"line":101,"column":40}},"loc":{"start":{"line":101,"column":41},"end":{"line":101,"column":10}}},"12":{"name":"(anonymous_12)","decl":{"start":{"line":110,"column":11},"end":{"line":110,"column":10}},"loc":{"start":{"line":110,"column":11},"end":{"line":92,"column":2}}},"13":{"name":"unregister","decl":{"start":{"line":117,"column":0},"end":{"line":117,"column":-1}},"loc":{"start":{"line":117,"column":0},"end":{"line":123,"column":1}}},"14":{"name":"(anonymous_14)","decl":{"start":{"line":119,"column":39},"end":{"line":119,"column":38}},"loc":{"start":{"line":119,"column":51},"end":{"line":119,"column":4}}}},"branchMap":{"0":{"loc":{"start":{"line":13,"column":2},"end":{"line":13,"column":1}},"type":"binary-expr","locations":[{"start":{"line":13,"column":2},"end":{"line":13,"column":1}},{"start":{"line":15,"column":4},"end":{"line":13,"column":2}},{"start":{"line":17,"column":4},"end":{"line":12,"column":20}}]},"1":{"loc":{"start":{"line":23,"column":2},"end":{"line":56,"column":3}},"type":"if","locations":[{"start":{"line":23,"column":2},"end":{"line":56,"column":3}},{"start":{"line":23,"column":2},"end":{"line":56,"column":3}}]},"2":{"loc":{"start":{"line":23,"column":6},"end":{"line":23,"column":5}},"type":"binary-expr","locations":[{"start":{"line":23,"column":6},"end":{"line":23,"column":5}},{"start":{"line":23,"column":47},"end":{"line":23,"column":2}}]},"3":{"loc":{"start":{"line":29,"column":4},"end":{"line":34,"column":5}},"type":"if","locations":[{"start":{"line":29,"column":4},"end":{"line":34,"column":5}},{"start":{"line":29,"column":4},"end":{"line":34,"column":5}}]},"4":{"loc":{"start":{"line":39,"column":6},"end":{"line":54,"column":7}},"type":"if","locations":[{"start":{"line":39,"column":6},"end":{"line":54,"column":7}},{"start":{"line":39,"column":6},"end":{"line":54,"column":7}}]},"5":{"loc":{"start":{"line":65,"column":8},"end":{"line":82,"column":9}},"type":"if","locations":[{"start":{"line":65,"column":8},"end":{"line":82,"column":9}},{"start":{"line":65,"column":8},"end":{"line":82,"column":9}}]},"6":{"loc":{"start":{"line":67,"column":12},"end":{"line":80,"column":13}},"type":"if","locations":[{"start":{"line":67,"column":12},"end":{"line":80,"column":13}},{"start":{"line":67,"column":12},"end":{"line":80,"column":13}}]},"7":{"loc":{"start":{"line":68,"column":14},"end":{"line":79,"column":15}},"type":"if","locations":[{"start":{"line":68,"column":14},"end":{"line":79,"column":15}},{"start":{"line":68,"column":14},"end":{"line":79,"column":15}}]},"8":{"loc":{"start":{"line":95,"column":6},"end":{"line":108,"column":7}},"type":"if","locations":[{"start":{"line":95,"column":6},"end":{"line":108,"column":7}},{"start":{"line":95,"column":6},"end":{"line":108,"column":7}}]},"9":{"loc":{"start":{"line":96,"column":8},"end":{"line":96,"column":7}},"type":"binary-expr","locations":[{"start":{"line":96,"column":8},"end":{"line":96,"column":7}},{"start":{"line":97,"column":8},"end":{"line":95,"column":6}}]},"10":{"loc":{"start":{"line":118,"column":2},"end":{"line":122,"column":3}},"type":"if","locations":[{"start":{"line":118,"column":2},"end":{"line":122,"column":3}},{"start":{"line":118,"column":2},"end":{"line":122,"column":3}}]}},"s":{"0":0,"1":0,"2":0,"3":0,"4":0,"5":0,"6":0,"7":0,"8":0,"9":0,"10":0,"11":0,"12":0,"13":0,"14":0,"15":0,"16":0,"17":0,"18":0,"19":0,"20":0,"21":0,"22":0,"23":0,"24":0,"25":0,"26":0,"27":0,"28":0,"29":0,"30":0,"31":0,"32":0,"33":0},"f":{"0":0,"1":0,"2":0,"3":0,"4":0,"5":0,"6":0,"7":0,"8":0,"9":0,"10":0,"11":0,"12":0,"13":0,"14":0},"b":{"0":[0,0,0],"1":[0,0],"2":[0,0],"3":[0,0],"4":[0,0],"5":[0,0],"6":[0,0],"7":[0,0],"8":[0,0],"9":[0,0],"10":[0,0]}}
,"/Users/mchenryz/personal/watermelon/src/setupTests.ts": {"path":"/Users/mchenryz/personal/watermelon/src/setupTests.ts","statementMap":{"0":{"start":{"line":1,"column":0},"end":{"line":1,"column":34}},"1":{"start":{"line":2,"column":0},"end":{"line":2,"column":50}},"2":{"start":{"line":4,"column":0},"end":{"line":4,"column":38}}},"fnMap":{},"branchMap":{},"s":{"0":6,"1":6,"2":6},"f":{},"b":{}}
,"/Users/mchenryz/personal/watermelon/src/actions/fetch.ts": {"path":"/Users/mchenryz/personal/watermelon/src/actions/fetch.ts","statementMap":{"0":{"start":{"line":1,"column":0},"end":{"line":1,"column":-1}},"1":{"start":{"line":3,"column":13},"end":{"line":null,"column":-1}},"2":{"start":{"line":4,"column":4},"end":{"line":null,"column":-1}}},"fnMap":{"0":{"name":"(anonymous_0)","decl":{"start":{"line":3,"column":24},"end":{"line":3,"column":24}},"loc":{"start":{"line":3,"column":36},"end":{"line":3,"column":13}}}},"branchMap":{},"s":{"0":0,"1":0,"2":0},"f":{"0":0},"b":{}}
,"/Users/mchenryz/personal/watermelon/src/actions/fetchFeaturedStreams.ts": {"path":"/Users/mchenryz/personal/watermelon/src/actions/fetchFeaturedStreams.ts","statementMap":{"0":{"start":{"line":2,"column":0},"end":{"line":2,"column":-1}},"1":{"start":{"line":5,"column":24},"end":{"line":5,"column":0}},"2":{"start":{"line":26,"column":4},"end":{"line":null,"column":-1}},"3":{"start":{"line":27,"column":8},"end":{"line":null,"column":-1}},"4":{"start":{"line":25,"column":0},"end":{"line":null,"column":-1}},"5":{"start":{"line":31,"column":13},"end":{"line":null,"column":-1}},"6":{"start":{"line":32,"column":20},"end":{"line":32,"column":4}},"7":{"start":{"line":33,"column":24},"end":{"line":33,"column":4}},"8":{"start":{"line":33,"column":56},"end":{"line":33,"column":75}},"9":{"start":{"line":34,"column":4},"end":{"line":null,"column":-1}},"10":{"start":{"line":42,"column":13},"end":{"line":null,"column":-1}},"11":{"start":{"line":43,"column":4},"end":{"line":null,"column":-1}},"12":{"start":{"line":49,"column":13},"end":{"line":null,"column":-1}},"13":{"start":{"line":50,"column":4},"end":{"line":null,"column":-1}}},"fnMap":{"0":{"name":"fetchFeaturedStreams","decl":{"start":{"line":25,"column":0},"end":{"line":25,"column":-1}},"loc":{"start":{"line":25,"column":0},"end":{"line":29,"column":1}}},"1":{"name":"(anonymous_1)","decl":{"start":{"line":26,"column":11},"end":{"line":26,"column":11}},"loc":{"start":{"line":26,"column":54},"end":{"line":26,"column":4}}},"2":{"name":"(anonymous_2)","decl":{"start":{"line":31,"column":43},"end":{"line":31,"column":43}},"loc":{"start":{"line":31,"column":69},"end":{"line":31,"column":13}}},"3":{"name":"(anonymous_3)","decl":{"start":{"line":33,"column":36},"end":{"line":33,"column":36}},"loc":{"start":{"line":33,"column":51},"end":{"line":33,"column":24}}},"4":{"name":"(anonymous_4)","decl":{"start":{"line":42,"column":41},"end":{"line":42,"column":41}},"loc":{"start":{"line":42,"column":56},"end":{"line":42,"column":13}}},"5":{"name":"(anonymous_5)","decl":{"start":{"line":49,"column":43},"end":{"line":49,"column":43}},"loc":{"start":{"line":49,"column":60},"end":{"line":49,"column":13}}}},"branchMap":{},"s":{"0":0,"1":0,"2":0,"3":0,"4":0,"5":0,"6":0,"7":0,"8":0,"9":0,"10":0,"11":0,"12":0,"13":0},"f":{"0":0,"1":0,"2":0,"3":0,"4":0,"5":0},"b":{}}
,"/Users/mchenryz/personal/watermelon/src/actions/fetchFollowedStreams.ts": {"path":"/Users/mchenryz/personal/watermelon/src/actions/fetchFollowedStreams.ts","statementMap":{"0":{"start":{"line":2,"column":0},"end":{"line":2,"column":-1}},"1":{"start":{"line":3,"column":0},"end":{"line":3,"column":-1}},"2":{"start":{"line":6,"column":33},"end":{"line":6,"column":0}},"3":{"start":{"line":9,"column":4},"end":{"line":null,"column":-1}},"4":{"start":{"line":10,"column":8},"end":{"line":null,"column":-1}},"5":{"start":{"line":12,"column":8},"end":{"line":null,"column":-1}},"6":{"start":{"line":14,"column":12},"end":{"line":null,"column":-1}},"7":{"start":{"line":15,"column":12},"end":{"line":null,"column":-1}},"8":{"start":{"line":18,"column":12},"end":{"line":null,"column":-1}},"9":{"start":{"line":21,"column":12},"end":{"line":null,"column":-1}},"10":{"start":{"line":8,"column":0},"end":{"line":null,"column":-1}},"11":{"start":{"line":26,"column":13},"end":{"line":null,"column":-1}},"12":{"start":{"line":27,"column":20},"end":{"line":27,"column":4}},"13":{"start":{"line":28,"column":24},"end":{"line":28,"column":4}},"14":{"start":{"line":28,"column":56},"end":{"line":28,"column":75}},"15":{"start":{"line":29,"column":4},"end":{"line":null,"column":-1}},"16":{"start":{"line":37,"column":13},"end":{"line":null,"column":-1}},"17":{"start":{"line":38,"column":4},"end":{"line":null,"column":-1}},"18":{"start":{"line":44,"column":13},"end":{"line":null,"column":-1}},"19":{"start":{"line":45,"column":4},"end":{"line":null,"column":-1}}},"fnMap":{"0":{"name":"fetchFollowedStreams","decl":{"start":{"line":8,"column":0},"end":{"line":8,"column":-1}},"loc":{"start":{"line":8,"column":0},"end":{"line":24,"column":1}}},"1":{"name":"(anonymous_1)","decl":{"start":{"line":9,"column":11},"end":{"line":9,"column":11}},"loc":{"start":{"line":9,"column":54},"end":{"line":9,"column":4}}},"2":{"name":"(anonymous_2)","decl":{"start":{"line":13,"column":14},"end":{"line":13,"column":14}},"loc":{"start":{"line":13,"column":23},"end":{"line":12,"column":8}}},"3":{"name":"(anonymous_3)","decl":{"start":{"line":17,"column":14},"end":{"line":17,"column":14}},"loc":{"start":{"line":17,"column":19},"end":{"line":12,"column":8}}},"4":{"name":"(anonymous_4)","decl":{"start":{"line":20,"column":15},"end":{"line":20,"column":14}},"loc":{"start":{"line":20,"column":15},"end":{"line":12,"column":8}}},"5":{"name":"(anonymous_5)","decl":{"start":{"line":26,"column":43},"end":{"line":26,"column":43}},"loc":{"start":{"line":26,"column":69},"end":{"line":26,"column":13}}},"6":{"name":"(anonymous_6)","decl":{"start":{"line":28,"column":36},"end":{"line":28,"column":36}},"loc":{"start":{"line":28,"column":51},"end":{"line":28,"column":24}}},"7":{"name":"(anonymous_7)","decl":{"start":{"line":37,"column":41},"end":{"line":37,"column":41}},"loc":{"start":{"line":37,"column":56},"end":{"line":37,"column":13}}},"8":{"name":"(anonymous_8)","decl":{"start":{"line":44,"column":43},"end":{"line":44,"column":43}},"loc":{"start":{"line":44,"column":60},"end":{"line":44,"column":13}}}},"branchMap":{},"s":{"0":0,"1":0,"2":0,"3":0,"4":0,"5":0,"6":0,"7":0,"8":0,"9":0,"10":0,"11":0,"12":0,"13":0,"14":0,"15":0,"16":0,"17":0,"18":0,"19":0},"f":{"0":0,"1":0,"2":0,"3":0,"4":0,"5":0,"6":0,"7":0,"8":0},"b":{}}
,"/Users/mchenryz/personal/watermelon/src/actions/fetchLiveStreams.ts": {"path":"/Users/mchenryz/personal/watermelon/src/actions/fetchLiveStreams.ts","statementMap":{"0":{"start":{"line":2,"column":0},"end":{"line":2,"column":-1}},"1":{"start":{"line":3,"column":0},"end":{"line":3,"column":-1}},"2":{"start":{"line":6,"column":29},"end":{"line":6,"column":0}},"3":{"start":{"line":9,"column":4},"end":{"line":null,"column":-1}},"4":{"start":{"line":10,"column":8},"end":{"line":null,"column":-1}},"5":{"start":{"line":12,"column":8},"end":{"line":null,"column":-1}},"6":{"start":{"line":14,"column":12},"end":{"line":null,"column":-1}},"7":{"start":{"line":15,"column":12},"end":{"line":null,"column":-1}},"8":{"start":{"line":18,"column":12},"end":{"line":null,"column":-1}},"9":{"start":{"line":21,"column":12},"end":{"line":null,"column":-1}},"10":{"start":{"line":8,"column":0},"end":{"line":null,"column":-1}},"11":{"start":{"line":26,"column":13},"end":{"line":null,"column":-1}},"12":{"start":{"line":27,"column":20},"end":{"line":27,"column":4}},"13":{"start":{"line":28,"column":24},"end":{"line":28,"column":4}},"14":{"start":{"line":28,"column":56},"end":{"line":28,"column":75}},"15":{"start":{"line":29,"column":4},"end":{"line":null,"column":-1}},"16":{"start":{"line":37,"column":13},"end":{"line":null,"column":-1}},"17":{"start":{"line":38,"column":4},"end":{"line":null,"column":-1}},"18":{"start":{"line":44,"column":13},"end":{"line":null,"column":-1}},"19":{"start":{"line":45,"column":4},"end":{"line":null,"column":-1}}},"fnMap":{"0":{"name":"fetchLiveStreams","decl":{"start":{"line":8,"column":0},"end":{"line":8,"column":-1}},"loc":{"start":{"line":8,"column":0},"end":{"line":24,"column":1}}},"1":{"name":"(anonymous_1)","decl":{"start":{"line":9,"column":11},"end":{"line":9,"column":11}},"loc":{"start":{"line":9,"column":50},"end":{"line":9,"column":4}}},"2":{"name":"(anonymous_2)","decl":{"start":{"line":13,"column":14},"end":{"line":13,"column":14}},"loc":{"start":{"line":13,"column":23},"end":{"line":12,"column":8}}},"3":{"name":"(anonymous_3)","decl":{"start":{"line":17,"column":14},"end":{"line":17,"column":14}},"loc":{"start":{"line":17,"column":19},"end":{"line":12,"column":8}}},"4":{"name":"(anonymous_4)","decl":{"start":{"line":20,"column":15},"end":{"line":20,"column":14}},"loc":{"start":{"line":20,"column":15},"end":{"line":12,"column":8}}},"5":{"name":"(anonymous_5)","decl":{"start":{"line":26,"column":39},"end":{"line":26,"column":39}},"loc":{"start":{"line":26,"column":61},"end":{"line":26,"column":13}}},"6":{"name":"(anonymous_6)","decl":{"start":{"line":28,"column":36},"end":{"line":28,"column":36}},"loc":{"start":{"line":28,"column":51},"end":{"line":28,"column":24}}},"7":{"name":"(anonymous_7)","decl":{"start":{"line":37,"column":37},"end":{"line":37,"column":37}},"loc":{"start":{"line":37,"column":52},"end":{"line":37,"column":13}}},"8":{"name":"(anonymous_8)","decl":{"start":{"line":44,"column":39},"end":{"line":44,"column":39}},"loc":{"start":{"line":44,"column":56},"end":{"line":44,"column":13}}}},"branchMap":{},"s":{"0":0,"1":0,"2":0,"3":0,"4":0,"5":0,"6":0,"7":0,"8":0,"9":0,"10":0,"11":0,"12":0,"13":0,"14":0,"15":0,"16":0,"17":0,"18":0,"19":0},"f":{"0":0,"1":0,"2":0,"3":0,"4":0,"5":0,"6":0,"7":0,"8":0},"b":{}}
,"/Users/mchenryz/personal/watermelon/src/actions/index.ts": {"path":"/Users/mchenryz/personal/watermelon/src/actions/index.ts","statementMap":{"0":{"start":{"line":1,"column":0},"end":{"line":null,"column":-1}},"1":{"start":{"line":2,"column":0},"end":{"line":null,"column":-1}},"2":{"start":{"line":3,"column":0},"end":{"line":null,"column":-1}}},"fnMap":{},"branchMap":{},"s":{"0":0,"1":0,"2":0},"f":{},"b":{}}
,"/Users/mchenryz/personal/watermelon/src/components/App/component.tsx": {"path":"/Users/mchenryz/personal/watermelon/src/components/App/component.tsx","statementMap":{"0":{"start":{"line":1,"column":0},"end":{"line":1,"column":30}},"1":{"start":{"line":2,"column":0},"end":{"line":2,"column":48}},"2":{"start":{"line":3,"column":0},"end":{"line":3,"column":46}},"3":{"start":{"line":4,"column":0},"end":{"line":4,"column":48}},"4":{"start":{"line":5,"column":0},"end":{"line":5,"column":23}},"5":{"start":{"line":17,"column":0},"end":{"line":17,"column":52}},"6":{"start":{"line":17,"column":37},"end":{"line":17,"column":59}},"7":{"start":{"line":19,"column":9},"end":{"line":21,"column":3}},"8":{"start":{"line":20,"column":4},"end":{"line":20,"column":38}},"9":{"start":{"line":23,"column":9},"end":{"line":46,"column":3}},"10":{"start":{"line":24,"column":4},"end":{"line":26,"column":5}},"11":{"start":{"line":25,"column":6},"end":{"line":25,"column":18}},"12":{"start":{"line":28,"column":28},"end":{"line":28,"column":46}},"13":{"start":{"line":30,"column":4},"end":{"line":43,"column":5}},"14":{"start":{"line":31,"column":36},"end":{"line":31,"column":98}},"15":{"start":{"line":32,"column":32},"end":{"line":32,"column":62}},"16":{"start":{"line":33,"column":6},"end":{"line":42,"column":8}},"17":{"start":{"line":38,"column":32},"end":{"line":38,"column":109}},"18":{"start":{"line":45,"column":4},"end":{"line":45,"column":16}},"19":{"start":{"line":47,"column":0},"end":{"line":47,"column":1}},"20":{"start":{"line":17,"column":13},"end":{"line":17,"column":28}}},"fnMap":{"0":{"name":"(anonymous_5)","decl":{"start":{"line":17,"column":0},"end":{"line":null,"column":-1}},"loc":{"start":{"line":17,"column":0},"end":{"line":17,"column":-1}}},"1":{"name":"(anonymous_7)","decl":{"start":{"line":19,"column":2},"end":{"line":null,"column":-1}},"loc":{"start":{"line":19,"column":2},"end":{"line":21,"column":3}}},"2":{"name":"(anonymous_8)","decl":{"start":{"line":23,"column":2},"end":{"line":null,"column":-1}},"loc":{"start":{"line":23,"column":2},"end":{"line":46,"column":3}}},"3":{"name":"(anonymous_9)","decl":{"start":{"line":38,"column":14},"end":{"line":38,"column":14}},"loc":{"start":{"line":38,"column":27},"end":{"line":38,"column":109}}}},"branchMap":{"0":{"loc":{"start":{"line":24,"column":4},"end":{"line":26,"column":5}},"type":"if","locations":[{"start":{"line":24,"column":4},"end":{"line":26,"column":5}},{"start":{"line":24,"column":4},"end":{"line":26,"column":5}}]},"1":{"loc":{"start":{"line":30,"column":4},"end":{"line":43,"column":5}},"type":"if","locations":[{"start":{"line":30,"column":4},"end":{"line":43,"column":5}},{"start":{"line":30,"column":4},"end":{"line":43,"column":5}}]},"2":{"loc":{"start":{"line":30,"column":8},"end":{"line":30,"column":23}},"type":"binary-expr","locations":[{"start":{"line":30,"column":8},"end":{"line":30,"column":23}},{"start":{"line":30,"column":27},"end":{"line":30,"column":49}}]},"3":{"loc":{"start":{"line":31,"column":36},"end":{"line":31,"column":53}},"type":"binary-expr","locations":[{"start":{"line":31,"column":36},"end":{"line":31,"column":53}},{"start":{"line":31,"column":57},"end":{"line":31,"column":79}},{"start":{"line":31,"column":83},"end":{"line":31,"column":98}}]},"4":{"loc":{"start":{"line":37,"column":13},"end":{"line":37,"column":33}},"type":"binary-expr","locations":[{"start":{"line":37,"column":13},"end":{"line":37,"column":33}},{"start":{"line":37,"column":37},"end":{"line":39,"column":13}}]}},"s":{"0":1,"1":1,"2":1,"3":1,"4":1,"5":1,"6":1,"7":1,"8":1,"9":1,"10":1,"11":0,"12":1,"13":1,"14":0,"15":0,"16":0,"17":0,"18":1,"19":1,"20":1},"f":{"0":2,"1":1,"2":1,"3":0},"b":{"0":[0,1],"1":[0,1],"2":[1,0],"3":[0,0,0],"4":[0,0]}}
,"/Users/mchenryz/personal/watermelon/src/components/App/container.tsx": {"path":"/Users/mchenryz/personal/watermelon/src/components/App/container.tsx","statementMap":{"0":{"start":{"line":1,"column":0},"end":{"line":1,"column":-1}},"1":{"start":{"line":2,"column":0},"end":{"line":2,"column":-1}},"2":{"start":{"line":4,"column":0},"end":{"line":4,"column":-1}},"3":{"start":{"line":6,"column":13},"end":{"line":null,"column":-1}},"4":{"start":{"line":7,"column":4},"end":{"line":null,"column":-1}},"5":{"start":{"line":15,"column":13},"end":{"line":null,"column":-1}},"6":{"start":{"line":16,"column":4},"end":{"line":null,"column":-1}},"7":{"start":{"line":17,"column":30},"end":{"line":17,"column":58}},"8":{"start":{"line":18,"column":34},"end":{"line":18,"column":66}},"9":{"start":{"line":19,"column":34},"end":{"line":19,"column":66}},"10":{"start":{"line":23,"column":13},"end":{"line":null,"column":-1}}},"fnMap":{"0":{"name":"(anonymous_0)","decl":{"start":{"line":6,"column":31},"end":{"line":6,"column":31}},"loc":{"start":{"line":6,"column":82},"end":{"line":6,"column":13}}},"1":{"name":"(anonymous_1)","decl":{"start":{"line":15,"column":34},"end":{"line":15,"column":34}},"loc":{"start":{"line":15,"column":48},"end":{"line":15,"column":13}}},"2":{"name":"(anonymous_2)","decl":{"start":{"line":17,"column":24},"end":{"line":17,"column":23}},"loc":{"start":{"line":17,"column":24},"end":{"line":16,"column":11}}},"3":{"name":"(anonymous_3)","decl":{"start":{"line":18,"column":28},"end":{"line":18,"column":27}},"loc":{"start":{"line":18,"column":28},"end":{"line":16,"column":11}}},"4":{"name":"(anonymous_4)","decl":{"start":{"line":19,"column":28},"end":{"line":19,"column":27}},"loc":{"start":{"line":19,"column":28},"end":{"line":16,"column":11}}}},"branchMap":{},"s":{"0":0,"1":0,"2":0,"3":0,"4":0,"5":0,"6":0,"7":0,"8":0,"9":0,"10":0},"f":{"0":0,"1":0,"2":0,"3":0,"4":0},"b":{}}
,"/Users/mchenryz/personal/watermelon/src/components/App/index.ts": {"path":"/Users/mchenryz/personal/watermelon/src/components/App/index.ts","statementMap":{"0":{"start":{"line":1,"column":0},"end":{"line":null,"column":-1}}},"fnMap":{},"branchMap":{},"s":{"0":0},"f":{},"b":{}}
,"/Users/mchenryz/personal/watermelon/src/components/Logo/component.tsx": {"path":"/Users/mchenryz/personal/watermelon/src/components/Logo/component.tsx","statementMap":{"0":{"start":{"line":1,"column":0},"end":{"line":1,"column":30}},"1":{"start":{"line":2,"column":0},"end":{"line":2,"column":44}},"2":{"start":{"line":3,"column":0},"end":{"line":3,"column":23}},"3":{"start":{"line":5,"column":13},"end":{"line":15,"column":2}},"4":{"start":{"line":6,"column":2},"end":{"line":14,"column":4}}},"fnMap":{"0":{"name":"(anonymous_0)","decl":{"start":{"line":5,"column":20},"end":{"line":null,"column":-1}},"loc":{"start":{"line":5,"column":20},"end":{"line":15,"column":1}}}},"branchMap":{},"s":{"0":3,"1":3,"2":3,"3":3,"4":1},"f":{"0":1},"b":{}}
,"/Users/mchenryz/personal/watermelon/src/components/Logo/index.ts": {"path":"/Users/mchenryz/personal/watermelon/src/components/Logo/index.ts","statementMap":{"0":{"start":{"line":1,"column":0},"end":{"line":1,"column":28}}},"fnMap":{},"branchMap":{},"s":{"0":2},"f":{},"b":{}}
,"/Users/mchenryz/personal/watermelon/src/components/LogoBar/component.tsx": {"path":"/Users/mchenryz/personal/watermelon/src/components/LogoBar/component.tsx","statementMap":{"0":{"start":{"line":1,"column":0},"end":{"line":1,"column":30}},"1":{"start":{"line":2,"column":0},"end":{"line":2,"column":42}},"2":{"start":{"line":3,"column":0},"end":{"line":3,"column":23}},"3":{"start":{"line":5,"column":13},"end":{"line":11,"column":2}},"4":{"start":{"line":6,"column":2},"end":{"line":10,"column":4}}},"fnMap":{"0":{"name":"(anonymous_0)","decl":{"start":{"line":5,"column":23},"end":{"line":null,"column":-1}},"loc":{"start":{"line":5,"column":23},"end":{"line":11,"column":1}}}},"branchMap":{},"s":{"0":2,"1":2,"2":2,"3":2,"4":1},"f":{"0":1},"b":{}}
,"/Users/mchenryz/personal/watermelon/src/components/LogoBar/index.ts": {"path":"/Users/mchenryz/personal/watermelon/src/components/LogoBar/index.ts","statementMap":{"0":{"start":{"line":1,"column":0},"end":{"line":1,"column":28}}},"fnMap":{},"branchMap":{},"s":{"0":1},"f":{},"b":{}}
,"/Users/mchenryz/personal/watermelon/src/components/Placeholder/component.tsx": {"path":"/Users/mchenryz/personal/watermelon/src/components/Placeholder/component.tsx","statementMap":{"0":{"start":{"line":1,"column":0},"end":{"line":1,"column":30}},"1":{"start":{"line":2,"column":0},"end":{"line":2,"column":23}},"2":{"start":{"line":12,"column":0},"end":{"line":12,"column":48}},"3":{"start":{"line":12,"column":33},"end":{"line":12,"column":55}},"4":{"start":{"line":13,"column":9},"end":{"line":30,"column":3}},"5":{"start":{"line":14,"column":20},"end":{"line":14,"column":33}},"6":{"start":{"line":15,"column":4},"end":{"line":17,"column":5}},"7":{"start":{"line":16,"column":8},"end":{"line":16,"column":48}},"8":{"start":{"line":19,"column":4},"end":{"line":21,"column":5}},"9":{"start":{"line":20,"column":8},"end":{"line":20,"column":47}},"10":{"start":{"line":23,"column":4},"end":{"line":25,"column":5}},"11":{"start":{"line":24,"column":8},"end":{"line":24,"column":44}},"12":{"start":{"line":27,"column":4},"end":{"line":29,"column":6}},"13":{"start":{"line":31,"column":0},"end":{"line":31,"column":1}},"14":{"start":{"line":12,"column":13},"end":{"line":12,"column":24}}},"fnMap":{"0":{"name":"(anonymous_5)","decl":{"start":{"line":12,"column":0},"end":{"line":null,"column":-1}},"loc":{"start":{"line":12,"column":0},"end":{"line":12,"column":-1}}},"1":{"name":"(anonymous_7)","decl":{"start":{"line":13,"column":2},"end":{"line":null,"column":-1}},"loc":{"start":{"line":13,"column":2},"end":{"line":30,"column":3}}}},"branchMap":{"0":{"loc":{"start":{"line":15,"column":4},"end":{"line":17,"column":5}},"type":"if","locations":[{"start":{"line":15,"column":4},"end":{"line":17,"column":5}},{"start":{"line":15,"column":4},"end":{"line":17,"column":5}}]},"1":{"loc":{"start":{"line":19,"column":4},"end":{"line":21,"column":5}},"type":"if","locations":[{"start":{"line":19,"column":4},"end":{"line":21,"column":5}},{"start":{"line":19,"column":4},"end":{"line":21,"column":5}}]},"2":{"loc":{"start":{"line":23,"column":4},"end":{"line":25,"column":5}},"type":"if","locations":[{"start":{"line":23,"column":4},"end":{"line":25,"column":5}},{"start":{"line":23,"column":4},"end":{"line":25,"column":5}}]}},"s":{"0":3,"1":3,"2":3,"3":3,"4":3,"5":3,"6":3,"7":1,"8":3,"9":1,"10":3,"11":0,"12":3,"13":3,"14":3},"f":{"0":6,"1":3},"b":{"0":[1,2],"1":[1,2],"2":[0,3]}}
,"/Users/mchenryz/personal/watermelon/src/components/Placeholder/index.ts": {"path":"/Users/mchenryz/personal/watermelon/src/components/Placeholder/index.ts","statementMap":{"0":{"start":{"line":1,"column":0},"end":{"line":1,"column":28}}},"fnMap":{},"branchMap":{},"s":{"0":2},"f":{},"b":{}}
,"/Users/mchenryz/personal/watermelon/src/components/Stream/component.tsx": {"path":"/Users/mchenryz/personal/watermelon/src/components/Stream/component.tsx","statementMap":{"0":{"start":{"line":1,"column":0},"end":{"line":1,"column":30}},"1":{"start":{"line":2,"column":0},"end":{"line":2,"column":56}},"2":{"start":{"line":3,"column":0},"end":{"line":3,"column":23}},"3":{"start":{"line":16,"column":0},"end":{"line":16,"column":43}},"4":{"start":{"line":16,"column":28},"end":{"line":16,"column":57}},"5":{"start":{"line":16,"column":0},"end":{"line":44,"column":0}},"6":{"start":{"line":17,"column":9},"end":{"line":19,"column":4}},"7":{"start":{"line":41,"column":10},"end":{"line":43,"column":3}},"8":{"start":{"line":42,"column":4},"end":{"line":42,"column":36}},"9":{"start":{"line":21,"column":9},"end":{"line":39,"column":3}},"10":{"start":{"line":22,"column":31},"end":{"line":22,"column":69}},"11":{"start":{"line":23,"column":32},"end":{"line":23,"column":74}},"12":{"start":{"line":24,"column":4},"end":{"line":38,"column":6}},"13":{"start":{"line":44,"column":0},"end":{"line":44,"column":1}},"14":{"start":{"line":16,"column":13},"end":{"line":16,"column":19}}},"fnMap":{"0":{"name":"(anonymous_5)","decl":{"start":{"line":16,"column":0},"end":{"line":null,"column":-1}},"loc":{"start":{"line":16,"column":0},"end":{"line":16,"column":-1}}},"1":{"name":"(anonymous_7)","decl":{"start":{"line":41,"column":25},"end":{"line":null,"column":-1}},"loc":{"start":{"line":41,"column":25},"end":{"line":43,"column":3}}},"2":{"name":"(anonymous_8)","decl":{"start":{"line":21,"column":2},"end":{"line":null,"column":-1}},"loc":{"start":{"line":21,"column":2},"end":{"line":39,"column":3}}}},"branchMap":{"0":{"loc":{"start":{"line":16,"column":0},"end":{"line":44,"column":0}},"type":"binary-expr","locations":[{"start":{"line":16,"column":0},"end":{"line":44,"column":0}},{"start":{"line":16,"column":0},"end":{"line":44,"column":0}},{"start":{"line":16,"column":0},"end":{"line":44,"column":0}}]},"1":{"loc":{"start":{"line":22,"column":51},"end":{"line":22,"column":58}},"type":"cond-expr","locations":[{"start":{"line":22,"column":51},"end":{"line":22,"column":58}},{"start":{"line":22,"column":61},"end":{"line":22,"column":69}}]},"2":{"loc":{"start":{"line":23,"column":53},"end":{"line":23,"column":62}},"type":"cond-expr","locations":[{"start":{"line":23,"column":53},"end":{"line":23,"column":62}},{"start":{"line":23,"column":65},"end":{"line":23,"column":74}}]}},"s":{"0":2,"1":2,"2":2,"3":2,"4":2,"5":2,"6":2,"7":2,"8":0,"9":2,"10":2,"11":2,"12":2,"13":2,"14":2},"f":{"0":4,"1":0,"2":2},"b":{"0":[2,2,2],"1":[0,2],"2":[1,1]}}
,"/Users/mchenryz/personal/watermelon/src/components/Stream/index.ts": {"path":"/Users/mchenryz/personal/watermelon/src/components/Stream/index.ts","statementMap":{"0":{"start":{"line":1,"column":0},"end":{"line":1,"column":28}}},"fnMap":{},"branchMap":{},"s":{"0":1},"f":{},"b":{}}
,"/Users/mchenryz/personal/watermelon/src/components/Streams/component.tsx": {"path":"/Users/mchenryz/personal/watermelon/src/components/Streams/component.tsx","statementMap":{"0":{"start":{"line":1,"column":0},"end":{"line":1,"column":30}},"1":{"start":{"line":2,"column":0},"end":{"line":2,"column":23}},"2":{"start":{"line":4,"column":0},"end":{"line":4,"column":44}},"3":{"start":{"line":4,"column":29},"end":{"line":4,"column":44}},"4":{"start":{"line":5,"column":9},"end":{"line":15,"column":3}},"5":{"start":{"line":6,"column":4},"end":{"line":8,"column":5}},"6":{"start":{"line":7,"column":6},"end":{"line":7,"column":18}},"7":{"start":{"line":10,"column":4},"end":{"line":14,"column":6}},"8":{"start":{"line":16,"column":0},"end":{"line":16,"column":1}},"9":{"start":{"line":4,"column":13},"end":{"line":4,"column":20}}},"fnMap":{"0":{"name":"(anonymous_5)","decl":{"start":{"line":4,"column":0},"end":{"line":null,"column":-1}},"loc":{"start":{"line":4,"column":0},"end":{"line":4,"column":-1}}},"1":{"name":"(anonymous_7)","decl":{"start":{"line":5,"column":2},"end":{"line":null,"column":-1}},"loc":{"start":{"line":5,"column":2},"end":{"line":15,"column":3}}}},"branchMap":{"0":{"loc":{"start":{"line":6,"column":4},"end":{"line":8,"column":5}},"type":"if","locations":[{"start":{"line":6,"column":4},"end":{"line":8,"column":5}},{"start":{"line":6,"column":4},"end":{"line":8,"column":5}}]}},"s":{"0":2,"1":2,"2":2,"3":2,"4":2,"5":2,"6":1,"7":1,"8":2,"9":2},"f":{"0":4,"1":2},"b":{"0":[1,1]}}
,"/Users/mchenryz/personal/watermelon/src/components/Streams/index.ts": {"path":"/Users/mchenryz/personal/watermelon/src/components/Streams/index.ts","statementMap":{"0":{"start":{"line":1,"column":0},"end":{"line":1,"column":28}}},"fnMap":{},"branchMap":{},"s":{"0":1},"f":{},"b":{}}
,"/Users/mchenryz/personal/watermelon/src/constants/app.ts": {"path":"/Users/mchenryz/personal/watermelon/src/constants/app.ts","statementMap":{"0":{"start":{"line":1,"column":13},"end":{"line":null,"column":-1}}},"fnMap":{},"branchMap":{},"s":{"0":0},"f":{},"b":{}}
,"/Users/mchenryz/personal/watermelon/src/constants/featuredStreams.ts": {"path":"/Users/mchenryz/personal/watermelon/src/constants/featuredStreams.ts","statementMap":{"0":{"start":{"line":1,"column":13},"end":{"line":null,"column":-1}},"1":{"start":{"line":3,"column":13},"end":{"line":null,"column":-1}},"2":{"start":{"line":5,"column":13},"end":{"line":null,"column":-1}}},"fnMap":{},"branchMap":{},"s":{"0":0,"1":0,"2":0},"f":{},"b":{}}
,"/Users/mchenryz/personal/watermelon/src/constants/followedStreams.ts": {"path":"/Users/mchenryz/personal/watermelon/src/constants/followedStreams.ts","statementMap":{"0":{"start":{"line":1,"column":13},"end":{"line":null,"column":-1}},"1":{"start":{"line":3,"column":13},"end":{"line":null,"column":-1}},"2":{"start":{"line":5,"column":13},"end":{"line":null,"column":-1}}},"fnMap":{},"branchMap":{},"s":{"0":0,"1":0,"2":0},"f":{},"b":{}}
,"/Users/mchenryz/personal/watermelon/src/constants/index.ts": {"path":"/Users/mchenryz/personal/watermelon/src/constants/index.ts","statementMap":{"0":{"start":{"line":1,"column":0},"end":{"line":null,"column":-1}},"1":{"start":{"line":2,"column":0},"end":{"line":null,"column":-1}},"2":{"start":{"line":3,"column":0},"end":{"line":null,"column":-1}},"3":{"start":{"line":4,"column":0},"end":{"line":null,"column":-1}}},"fnMap":{},"branchMap":{},"s":{"0":0,"1":0,"2":0,"3":0},"f":{},"b":{}}
,"/Users/mchenryz/personal/watermelon/src/constants/liveStreams.ts": {"path":"/Users/mchenryz/personal/watermelon/src/constants/liveStreams.ts","statementMap":{"0":{"start":{"line":2,"column":13},"end":{"line":null,"column":-1}},"1":{"start":{"line":4,"column":13},"end":{"line":null,"column":-1}},"2":{"start":{"line":6,"column":13},"end":{"line":null,"column":-1}}},"fnMap":{},"branchMap":{},"s":{"0":0,"1":0,"2":0},"f":{},"b":{}}
,"/Users/mchenryz/personal/watermelon/src/reducers/index.ts": {"path":"/Users/mchenryz/personal/watermelon/src/reducers/index.ts","statementMap":{"0":{"start":{"line":1,"column":0},"end":{"line":1,"column":-1}},"1":{"start":{"line":5,"column":13},"end":{"line":null,"column":-1}},"2":{"start":{"line":6,"column":4},"end":{"line":null,"column":-1}},"3":{"start":{"line":10,"column":12},"end":{"line":null,"column":-1}},"4":{"start":{"line":19,"column":12},"end":{"line":null,"column":-1}},"5":{"start":{"line":28,"column":12},"end":{"line":null,"column":-1}},"6":{"start":{"line":35,"column":12},"end":{"line":6,"column":4}}},"fnMap":{"0":{"name":"(anonymous_1)","decl":{"start":{"line":5,"column":23},"end":{"line":5,"column":23}},"loc":{"start":{"line":5,"column":119},"end":{"line":5,"column":13}}}},"branchMap":{"0":{"loc":{"start":{"line":7,"column":8},"end":{"line":null,"column":-1}},"type":"switch","locations":[{"start":{"line":7,"column":8},"end":{"line":null,"column":-1}},{"start":{"line":8,"column":8},"end":{"line":null,"column":-1}},{"start":{"line":9,"column":8},"end":{"line":10,"column":12}},{"start":{"line":16,"column":8},"end":{"line":null,"column":-1}},{"start":{"line":17,"column":8},"end":{"line":null,"column":-1}},{"start":{"line":18,"column":8},"end":{"line":19,"column":12}},{"start":{"line":25,"column":8},"end":{"line":null,"column":-1}},{"start":{"line":26,"column":8},"end":{"line":null,"column":-1}},{"start":{"line":27,"column":8},"end":{"line":28,"column":12}},{"start":{"line":34,"column":8},"end":{"line":6,"column":4}}]},"1":{"loc":{"start":{"line":12,"column":29},"end":{"line":12,"column":28}},"type":"binary-expr","locations":[{"start":{"line":12,"column":29},"end":{"line":12,"column":28}},{"start":{"line":12,"column":51},"end":{"line":11,"column":24}}]},"2":{"loc":{"start":{"line":13,"column":23},"end":{"line":13,"column":22}},"type":"binary-expr","locations":[{"start":{"line":13,"column":23},"end":{"line":13,"column":22}},{"start":{"line":13,"column":39},"end":{"line":11,"column":24}}]},"3":{"loc":{"start":{"line":14,"column":25},"end":{"line":14,"column":24}},"type":"binary-expr","locations":[{"start":{"line":14,"column":25},"end":{"line":14,"column":24}},{"start":{"line":14,"column":43},"end":{"line":11,"column":24}}]},"4":{"loc":{"start":{"line":21,"column":25},"end":{"line":21,"column":24}},"type":"binary-expr","locations":[{"start":{"line":21,"column":25},"end":{"line":21,"column":24}},{"start":{"line":21,"column":43},"end":{"line":20,"column":24}}]},"5":{"loc":{"start":{"line":22,"column":23},"end":{"line":22,"column":22}},"type":"binary-expr","locations":[{"start":{"line":22,"column":23},"end":{"line":22,"column":22}},{"start":{"line":22,"column":39},"end":{"line":20,"column":24}}]},"6":{"loc":{"start":{"line":23,"column":25},"end":{"line":23,"column":24}},"type":"binary-expr","locations":[{"start":{"line":23,"column":25},"end":{"line":23,"column":24}},{"start":{"line":23,"column":43},"end":{"line":20,"column":24}}]},"7":{"loc":{"start":{"line":30,"column":25},"end":{"line":30,"column":24}},"type":"binary-expr","locations":[{"start":{"line":30,"column":25},"end":{"line":30,"column":24}},{"start":{"line":30,"column":43},"end":{"line":29,"column":24}}]},"8":{"loc":{"start":{"line":31,"column":23},"end":{"line":31,"column":22}},"type":"binary-expr","locations":[{"start":{"line":31,"column":23},"end":{"line":31,"column":22}},{"start":{"line":31,"column":39},"end":{"line":29,"column":24}}]},"9":{"loc":{"start":{"line":32,"column":25},"end":{"line":32,"column":24}},"type":"binary-expr","locations":[{"start":{"line":32,"column":25},"end":{"line":32,"column":24}},{"start":{"line":32,"column":43},"end":{"line":29,"column":24}}]}},"s":{"0":0,"1":0,"2":0,"3":0,"4":0,"5":0,"6":0},"f":{"0":0},"b":{"0":[0,0,0,0,0,0,0,0,0,0],"1":[0,0],"2":[0,0],"3":[0,0],"4":[0,0],"5":[0,0],"6":[0,0],"7":[0,0],"8":[0,0],"9":[0,0]}}
,"/Users/mchenryz/personal/watermelon/src/store/configureStore.ts": {"path":"/Users/mchenryz/personal/watermelon/src/store/configureStore.ts","statementMap":{"0":{"start":{"line":1,"column":0},"end":{"line":1,"column":-1}},"1":{"start":{"line":2,"column":0},"end":{"line":2,"column":-1}},"2":{"start":{"line":3,"column":0},"end":{"line":3,"column":-1}},"3":{"start":{"line":6,"column":13},"end":{"line":null,"column":-1}},"4":{"start":{"line":7,"column":4},"end":{"line":null,"column":-1}}},"fnMap":{"0":{"name":"(anonymous_0)","decl":{"start":{"line":6,"column":30},"end":{"line":6,"column":30}},"loc":{"start":{"line":6,"column":55},"end":{"line":6,"column":13}}}},"branchMap":{},"s":{"0":0,"1":0,"2":0,"3":0,"4":0},"f":{"0":0},"b":{}}
,"/Users/mchenryz/personal/watermelon/src/store/index.ts": {"path":"/Users/mchenryz/personal/watermelon/src/store/index.ts","statementMap":{"0":{"start":{"line":1,"column":0},"end":{"line":null,"column":-1}}},"fnMap":{},"branchMap":{},"s":{"0":0},"f":{},"b":{}}
}
